<?xml version="1.0" encoding="UTF-8"?>
<testsuite xmlns:xsi="http://www.w3.org/2001/XMLSchema-instance" xsi:noNamespaceSchemaLocation="https://maven.apache.org/surefire/maven-surefire-plugin/xsd/surefire-test-report.xsd" version="3.0.2" name="TestSuite" time="11.253" tests="2" errors="0" skipped="0" failures="0">
  <properties>
[...]
</properties>
  <testcase name="login" classname="testcases.AccountPage_TC002" time="3.464">
    <system-out><![CDATA[...
... TestNG 7.4.0 by Cédric Beust (cedric@beust.com)
...

null
DemoSalesManager
crmsfa
crmsfa
ChromeDriver: chrome on windows (68f292c82ef5f207774395ec79d1e245)
ChromeDriver: chrome on windows (7b4dd7798ae07800d0306bef1fa76f7d)
]]></system-out>
    <system-err><![CDATA[Mar 13, 2025 10:05:59 PM io.cucumber.core.runtime.FeaturePathFeatureSupplier get
WARNING: No features found at classpath:/testcases
Mar 13, 2025 10:05:59 PM io.cucumber.core.runtime.FeaturePathFeatureSupplier get
WARNING: No features found at classpath:/testcases
Mar 13, 2025 10:06:01 PM org.openqa.selenium.devtools.CdpVersionFinder findNearestMatch
WARNING: Unable to find an exact match for CDP version 134, returning the closest version; found: 131; Please update to a Selenium version that supports CDP version 134
Mar 13, 2025 10:06:01 PM org.openqa.selenium.devtools.CdpVersionFinder findNearestMatch
WARNING: Unable to find an exact match for CDP version 134, returning the closest version; found: 131; Please update to a Selenium version that supports CDP version 134
]]></system-err>
  </testcase>
  <testcase name="login" classname="testcases.LoginPage_TC001" time="3.478"/>
</testsuite>