<?xml version="1.0" encoding="UTF-8"?>
<testng-results ignored="0" total="2" passed="2" failed="0" skipped="0">
  <reporter-output>
  </reporter-output>
  <suite started-at="2025-03-13T22:05:59 IST" name="Suite" finished-at="2025-03-13T22:06:09 IST" duration-ms="10536">
    <groups>
      <group name="cucumber">
        <method signature="AbstractTestNGCucumberTests.runScenario(io.cucumber.testng.PickleWrapper,io.cucumber.testng.FeatureWrapper)[pri:0, instance:testcases.AccountPage_TC002@434a63ab]" name="runScenario" class="io.cucumber.testng.AbstractTestNGCucumberTests"/>
        <method signature="AbstractTestNGCucumberTests.runScenario(io.cucumber.testng.PickleWrapper,io.cucumber.testng.FeatureWrapper)[pri:0, instance:testcases.LoginPage_TC001@bae7dc0]" name="runScenario" class="io.cucumber.testng.AbstractTestNGCucumberTests"/>
      </group> <!-- cucumber -->
    </groups>
    <test started-at="2025-03-13T22:05:59 IST" name="Test" finished-at="2025-03-13T22:06:09 IST" duration-ms="10536">
      <class name="testcases.LoginPage_TC001">
        <test-method is-config="true" signature="setUpClass(org.testng.ITestContext)[pri:0, instance:testcases.LoginPage_TC001@bae7dc0]" started-at="2025-03-13T22:05:59 IST" name="setUpClass" finished-at="2025-03-13T22:05:59 IST" duration-ms="322" status="PASS">
          <params>
            <param index="0">
              <value>
                <![CDATA[org.testng.TestRunner@7ce69770]]>
              </value>
            </param>
          </params>
          <reporter-output>
          </reporter-output>
        </test-method> <!-- setUpClass -->
        <test-method is-config="true" signature="preCondition()[pri:0, instance:testcases.LoginPage_TC001@bae7dc0]" started-at="2025-03-13T22:05:59 IST" name="preCondition" finished-at="2025-03-13T22:06:05 IST" duration-ms="6047" status="PASS">
          <reporter-output>
          </reporter-output>
        </test-method> <!-- preCondition -->
        <test-method signature="login()[pri:0, instance:testcases.LoginPage_TC001@bae7dc0]" started-at="2025-03-13T22:06:05 IST" name="login" finished-at="2025-03-13T22:06:09 IST" duration-ms="3551" status="PASS">
          <reporter-output>
          </reporter-output>
        </test-method> <!-- login -->
        <test-method is-config="true" signature="postcondition()[pri:0, instance:testcases.LoginPage_TC001@bae7dc0]" started-at="2025-03-13T22:06:09 IST" name="postcondition" finished-at="2025-03-13T22:06:09 IST" duration-ms="354" status="PASS">
          <reporter-output>
          </reporter-output>
        </test-method> <!-- postcondition -->
        <test-method is-config="true" signature="tearDownClass()[pri:0, instance:testcases.LoginPage_TC001@bae7dc0]" started-at="2025-03-13T22:06:09 IST" name="tearDownClass" finished-at="2025-03-13T22:06:09 IST" duration-ms="19" status="PASS">
          <reporter-output>
          </reporter-output>
        </test-method> <!-- tearDownClass -->
      </class> <!-- testcases.LoginPage_TC001 -->
      <class name="testcases.AccountPage_TC002">
        <test-method is-config="true" signature="setUpClass(org.testng.ITestContext)[pri:0, instance:testcases.AccountPage_TC002@434a63ab]" started-at="2025-03-13T22:05:59 IST" name="setUpClass" finished-at="2025-03-13T22:05:59 IST" duration-ms="322" status="PASS">
          <params>
            <param index="0">
              <value>
                <![CDATA[org.testng.TestRunner@7ce69770]]>
              </value>
            </param>
          </params>
          <reporter-output>
          </reporter-output>
        </test-method> <!-- setUpClass -->
        <test-method is-config="true" signature="preCondition()[pri:0, instance:testcases.AccountPage_TC002@434a63ab]" started-at="2025-03-13T22:05:59 IST" name="preCondition" finished-at="2025-03-13T22:06:05 IST" duration-ms="6122" status="PASS">
          <reporter-output>
          </reporter-output>
        </test-method> <!-- preCondition -->
        <test-method signature="login()[pri:0, instance:testcases.AccountPage_TC002@434a63ab]" started-at="2025-03-13T22:06:05 IST" name="login" finished-at="2025-03-13T22:06:09 IST" duration-ms="3459" status="PASS">
          <reporter-output>
          </reporter-output>
        </test-method> <!-- login -->
        <test-method is-config="true" signature="postcondition()[pri:0, instance:testcases.AccountPage_TC002@434a63ab]" started-at="2025-03-13T22:06:09 IST" name="postcondition" finished-at="2025-03-13T22:06:09 IST" duration-ms="585" status="PASS">
          <reporter-output>
          </reporter-output>
        </test-method> <!-- postcondition -->
        <test-method is-config="true" signature="tearDownClass()[pri:0, instance:testcases.AccountPage_TC002@434a63ab]" started-at="2025-03-13T22:06:09 IST" name="tearDownClass" finished-at="2025-03-13T22:06:09 IST" duration-ms="5" status="PASS">
          <reporter-output>
          </reporter-output>
        </test-method> <!-- tearDownClass -->
      </class> <!-- testcases.AccountPage_TC002 -->
    </test> <!-- Test -->
  </suite> <!-- Suite -->
</testng-results>
