<?xml version="1.0" encoding="UTF-8"?>
<testng-results ignored="0" total="2" passed="2" failed="0" skipped="0">
  <reporter-output>
  </reporter-output>
  <suite started-at="2025-03-13T12:48:59 IST" name="Suite" finished-at="2025-03-13T12:49:11 IST" duration-ms="12162">
    <groups>
      <group name="cucumber">
        <method signature="AbstractTestNGCucumberTests.runScenario(io.cucumber.testng.PickleWrapper,io.cucumber.testng.FeatureWrapper)[pri:0, instance:testcases.AccountPage_TC002@3012646b]" name="runScenario" class="io.cucumber.testng.AbstractTestNGCucumberTests"/>
        <method signature="AbstractTestNGCucumberTests.runScenario(io.cucumber.testng.PickleWrapper,io.cucumber.testng.FeatureWrapper)[pri:0, instance:testcases.LoginPage_TC001@5a45133e]" name="runScenario" class="io.cucumber.testng.AbstractTestNGCucumberTests"/>
      </group> <!-- cucumber -->
    </groups>
    <test started-at="2025-03-13T12:48:59 IST" name="Test" finished-at="2025-03-13T12:49:11 IST" duration-ms="12162">
      <class name="testcases.LoginPage_TC001">
        <test-method is-config="true" signature="setUpClass(org.testng.ITestContext)[pri:0, instance:testcases.LoginPage_TC001@5a45133e]" started-at="2025-03-13T12:48:59 IST" name="setUpClass" finished-at="2025-03-13T12:48:59 IST" duration-ms="187" status="PASS">
          <params>
            <param index="0">
              <value>
                <![CDATA[org.testng.TestRunner@71687585]]>
              </value>
            </param>
          </params>
          <reporter-output>
          </reporter-output>
        </test-method> <!-- setUpClass -->
        <test-method is-config="true" signature="preCondition()[pri:0, instance:testcases.LoginPage_TC001@5a45133e]" started-at="2025-03-13T12:48:59 IST" name="preCondition" finished-at="2025-03-13T12:49:05 IST" duration-ms="6426" status="PASS">
          <reporter-output>
          </reporter-output>
        </test-method> <!-- preCondition -->
        <test-method signature="login()[pri:0, instance:testcases.LoginPage_TC001@5a45133e]" started-at="2025-03-13T12:49:05 IST" name="login" finished-at="2025-03-13T12:49:09 IST" duration-ms="4083" status="PASS">
          <reporter-output>
          </reporter-output>
        </test-method> <!-- login -->
        <test-method is-config="true" signature="postcondition()[pri:0, instance:testcases.LoginPage_TC001@5a45133e]" started-at="2025-03-13T12:49:09 IST" name="postcondition" finished-at="2025-03-13T12:49:10 IST" duration-ms="156" status="PASS">
          <reporter-output>
          </reporter-output>
        </test-method> <!-- postcondition -->
        <test-method is-config="true" signature="tearDownClass()[pri:0, instance:testcases.LoginPage_TC001@5a45133e]" started-at="2025-03-13T12:49:10 IST" name="tearDownClass" finished-at="2025-03-13T12:49:10 IST" duration-ms="13" status="PASS">
          <reporter-output>
          </reporter-output>
        </test-method> <!-- tearDownClass -->
      </class> <!-- testcases.LoginPage_TC001 -->
      <class name="testcases.AccountPage_TC002">
        <test-method is-config="true" signature="setUpClass(org.testng.ITestContext)[pri:0, instance:testcases.AccountPage_TC002@3012646b]" started-at="2025-03-13T12:48:59 IST" name="setUpClass" finished-at="2025-03-13T12:48:59 IST" duration-ms="183" status="PASS">
          <params>
            <param index="0">
              <value>
                <![CDATA[org.testng.TestRunner@71687585]]>
              </value>
            </param>
          </params>
          <reporter-output>
          </reporter-output>
        </test-method> <!-- setUpClass -->
        <test-method is-config="true" signature="preCondition()[pri:0, instance:testcases.AccountPage_TC002@3012646b]" started-at="2025-03-13T12:48:59 IST" name="preCondition" finished-at="2025-03-13T12:49:06 IST" duration-ms="6644" status="PASS">
          <reporter-output>
          </reporter-output>
        </test-method> <!-- preCondition -->
        <test-method signature="login()[pri:0, instance:testcases.AccountPage_TC002@3012646b]" started-at="2025-03-13T12:49:06 IST" name="login" finished-at="2025-03-13T12:49:11 IST" duration-ms="5134" status="PASS">
          <reporter-output>
          </reporter-output>
        </test-method> <!-- login -->
        <test-method is-config="true" signature="postcondition()[pri:0, instance:testcases.AccountPage_TC002@3012646b]" started-at="2025-03-13T12:49:11 IST" name="postcondition" finished-at="2025-03-13T12:49:11 IST" duration-ms="155" status="PASS">
          <reporter-output>
          </reporter-output>
        </test-method> <!-- postcondition -->
        <test-method is-config="true" signature="tearDownClass()[pri:0, instance:testcases.AccountPage_TC002@3012646b]" started-at="2025-03-13T12:49:11 IST" name="tearDownClass" finished-at="2025-03-13T12:49:11 IST" duration-ms="3" status="PASS">
          <reporter-output>
          </reporter-output>
        </test-method> <!-- tearDownClass -->
      </class> <!-- testcases.AccountPage_TC002 -->
    </test> <!-- Test -->
  </suite> <!-- Suite -->
</testng-results>
